0 info it worked if it ends with ok
1 verbose cli [ 'C:\\Program Files\\nodejs\\node.exe',
1 verbose cli   'C:\\Program Files\\nodejs\\node_modules\\npm\\bin\\npm-cli.js',
1 verbose cli   'run',
1 verbose cli   'package' ]
2 info using npm@3.10.9
3 info using node@v6.9.2
4 verbose run-script [ 'prepackage', 'package', 'postpackage' ]
5 info lifecycle quote-and-tariff@1.0.0~prepackage: quote-and-tariff@1.0.0
6 silly lifecycle quote-and-tariff@1.0.0~prepackage: no script for prepackage, continuing
7 info lifecycle quote-and-tariff@1.0.0~package: quote-and-tariff@1.0.0
8 verbose lifecycle quote-and-tariff@1.0.0~package: unsafe-perm in lifecycle true
9 verbose lifecycle quote-and-tariff@1.0.0~package: PATH: C:\Program Files\nodejs\node_modules\npm\bin\node-gyp-bin;C:\Users\saswat.kumar.sahoo\Documents\Nodejs-Workspace\node_modules\.bin;C:\ProgramData\Oracle\Java\javapath;C:\windows\system32;C:\windows;C:\windows\System32\Wbem;C:\windows\System32\WindowsPowerShell\v1.0\;C:\Program Files\MySQL\MySQL Utilities 1.6\;C:\Program Files\Java\jdk1.8.0_111\bin;C:\Program Files\Git\cmd;C:\Program Files\nodejs\;C:\Users\saswat.kumar.sahoo\AppData\Local\atom\bin;C:\Users\saswat.kumar.sahoo\AppData\Roaming\npm
10 verbose lifecycle quote-and-tariff@1.0.0~package: CWD: C:\Users\saswat.kumar.sahoo\Documents\Nodejs-Workspace
11 silly lifecycle quote-and-tariff@1.0.0~package: Args: [ '/d /s /c',
11 silly lifecycle   'node-lambda package --prebuiltDirectory dist --packageDirectory build' ]
12 silly lifecycle quote-and-tariff@1.0.0~package: Returned: code: 1  signal: null
13 info lifecycle quote-and-tariff@1.0.0~package: Failed to exec package script
14 verbose stack Error: quote-and-tariff@1.0.0 package: `node-lambda package --prebuiltDirectory dist --packageDirectory build`
14 verbose stack Exit status 1
14 verbose stack     at EventEmitter.<anonymous> (C:\Program Files\nodejs\node_modules\npm\lib\utils\lifecycle.js:255:16)
14 verbose stack     at emitTwo (events.js:106:13)
14 verbose stack     at EventEmitter.emit (events.js:191:7)
14 verbose stack     at ChildProcess.<anonymous> (C:\Program Files\nodejs\node_modules\npm\lib\utils\spawn.js:40:14)
14 verbose stack     at emitTwo (events.js:106:13)
14 verbose stack     at ChildProcess.emit (events.js:191:7)
14 verbose stack     at maybeClose (internal/child_process.js:877:16)
14 verbose stack     at Process.ChildProcess._handle.onexit (internal/child_process.js:226:5)
15 verbose pkgid quote-and-tariff@1.0.0
16 verbose cwd C:\Users\saswat.kumar.sahoo\Documents\Nodejs-Workspace
17 error Windows_NT 10.0.10586
18 error argv "C:\\Program Files\\nodejs\\node.exe" "C:\\Program Files\\nodejs\\node_modules\\npm\\bin\\npm-cli.js" "run" "package"
19 error node v6.9.2
20 error npm  v3.10.9
21 error code ELIFECYCLE
22 error quote-and-tariff@1.0.0 package: `node-lambda package --prebuiltDirectory dist --packageDirectory build`
22 error Exit status 1
23 error Failed at the quote-and-tariff@1.0.0 package script 'node-lambda package --prebuiltDirectory dist --packageDirectory build'.
23 error Make sure you have the latest version of node.js and npm installed.
23 error If you do, this is most likely a problem with the quote-and-tariff package,
23 error not with npm itself.
23 error Tell the author that this fails on your system:
23 error     node-lambda package --prebuiltDirectory dist --packageDirectory build
23 error You can get information on how to open an issue for this project with:
23 error     npm bugs quote-and-tariff
23 error Or if that isn't available, you can get their info via:
23 error     npm owner ls quote-and-tariff
23 error There is likely additional logging output above.
24 verbose exit [ 1, true ]
